TN:
SF:src/components/auth/Login.module.css
FNF:0
FNH:0
LF:0
LH:0
BRF:0
BRH:0
end_of_record
TN:
SF:src/components/auth/Login.tsx
FN:8,Login
FN:17,(anonymous_1)
FN:63,(anonymous_2)
FN:65,(anonymous_3)
FN:82,(anonymous_4)
FN:84,(anonymous_5)
FNF:6
FNH:4
FNDA:102,Login
FNDA:6,(anonymous_1)
FNDA:40,(anonymous_2)
FNDA:0,(anonymous_3)
FNDA:46,(anonymous_4)
FNDA:0,(anonymous_5)
DA:9,102
DA:10,102
DA:11,102
DA:12,102
DA:13,102
DA:14,102
DA:15,102
DA:17,102
DA:18,6
DA:19,6
DA:20,6
DA:21,6
DA:22,6
DA:23,1
DA:24,1
DA:26,5
DA:27,1
DA:28,1
DA:30,4
DA:31,4
DA:32,4
DA:33,2
DA:34,2
DA:36,1
DA:38,3
DA:42,102
DA:64,40
DA:65,40
DA:83,46
DA:84,46
LF:30
LH:30
BRDA:22,0,0,1
BRDA:22,0,1,5
BRDA:26,1,0,1
BRDA:26,1,1,4
BRDA:50,2,0,102
BRDA:50,2,1,3
BRDA:65,3,0,0
BRDA:65,3,1,40
BRDA:67,4,0,1
BRDA:67,4,1,101
BRDA:71,5,0,1
BRDA:71,5,1,101
BRDA:84,6,0,0
BRDA:84,6,1,46
BRDA:86,7,0,2
BRDA:86,7,1,100
BRDA:89,8,0,2
BRDA:89,8,1,100
BRDA:93,9,0,4
BRDA:93,9,1,98
BRF:20
BRH:18
end_of_record
TN:
SF:src/components/layout/Sidebar.module.css
FNF:0
FNH:0
LF:0
LH:0
BRF:0
BRH:0
end_of_record
TN:
SF:src/components/layout/Sidebar.tsx
FN:12,Sidebar
FN:16,(anonymous_1)
FN:20,(anonymous_2)
FNF:3
FNH:3
FNDA:4,Sidebar
FNDA:20,(anonymous_1)
FNDA:20,(anonymous_2)
DA:4,1
DA:13,4
DA:17,20
DA:21,20
LF:4
LH:4
BRDA:21,0,0,4
BRDA:21,0,1,16
BRF:2
BRH:2
end_of_record
TN:
SF:src/components/ui/ConfirmDialog.module.css
FNF:0
FNH:0
LF:0
LH:0
BRF:0
BRH:0
end_of_record
TN:
SF:src/components/ui/ConfirmDialog.tsx
FN:10,ConfirmDialog
FNF:1
FNH:1
FNDA:6,ConfirmDialog
DA:16,6
LF:1
LH:1
BRDA:25,0,0,1
BRDA:25,0,1,5
BRF:2
BRH:2
end_of_record
TN:
SF:src/components/ui/Modal.module.css
FNF:0
FNH:0
LF:0
LH:0
BRF:0
BRH:0
end_of_record
TN:
SF:src/components/ui/Modal.tsx
FN:10,Modal
FN:11,(anonymous_1)
FN:12,(anonymous_2)
FN:16,(anonymous_3)
FNF:4
FNH:4
FNDA:6,Modal
FNDA:6,(anonymous_1)
FNDA:3,(anonymous_2)
FNDA:6,(anonymous_3)
DA:11,6
DA:12,6
DA:13,3
DA:15,6
DA:16,6
DA:19,6
LF:6
LH:6
BRDA:13,0,0,1
BRDA:13,0,1,2
BRF:2
BRH:2
end_of_record
